<?xml version="1.0" encoding="UTF-8"?>
<testsuite name="kr.ac.jejunu.user.UserDaoTests" tests="1" skipped="0" failures="0" errors="0" timestamp="2023-03-17T09:58:28" hostname="172.20.nate.com" time="0.182">
  <properties/>
  <testcase name="get()" classname="kr.ac.jejunu.user.UserDaoTests" time="0.182"/>
  <system-out><![CDATA[]]></system-out>
  <system-err><![CDATA[]]></system-err>
</testsuite>
