<?xml version="1.0" encoding="UTF-8"?>
<testsuite name="kr.ac.jejunu.user.UserDaoTests" tests="4" skipped="0" failures="0" errors="0" timestamp="2023-04-14T07:51:23" hostname="hyeonsugims-MacBook-Air.local" time="0.271">
  <properties/>
  <testcase name="delete()" classname="kr.ac.jejunu.user.UserDaoTests" time="0.197"/>
  <testcase name="insert()" classname="kr.ac.jejunu.user.UserDaoTests" time="0.026"/>
  <testcase name="update()" classname="kr.ac.jejunu.user.UserDaoTests" time="0.034"/>
  <testcase name="get()" classname="kr.ac.jejunu.user.UserDaoTests" time="0.011"/>
  <system-out><![CDATA[]]></system-out>
  <system-err><![CDATA[]]></system-err>
</testsuite>
