<?xml version="1.0" encoding="UTF-8"?>
<testsuite name="kr.ac.jejunu.user.UserDaoTests" tests="4" skipped="0" failures="0" errors="0" timestamp="2023-04-28T08:48:38" hostname="hyeonsugims-MacBook-Air.local" time="0.277">
  <properties/>
  <testcase name="delete()" classname="kr.ac.jejunu.user.UserDaoTests" time="0.207"/>
  <testcase name="insert()" classname="kr.ac.jejunu.user.UserDaoTests" time="0.028"/>
  <testcase name="update()" classname="kr.ac.jejunu.user.UserDaoTests" time="0.033"/>
  <testcase name="get()" classname="kr.ac.jejunu.user.UserDaoTests" time="0.009"/>
  <system-out><![CDATA[]]></system-out>
  <system-err><![CDATA[]]></system-err>
</testsuite>
